<?xml version="1.0" encoding="UTF-8"?>
<coverage generated="1458998381">
  <project timestamp="1458998381">
    <package name="Pachico\Abtest\Config">
      <file name="/vagrant/abtest/src/config/configuration.php">
        <class name="Configuration" namespace="Pachico\Abtest\Config">
          <metrics methods="4" coveredmethods="4" conditionals="0" coveredconditionals="0" statements="9" coveredstatements="9" elements="13" coveredelements="13"/>
        </class>
        <line num="30" type="method" name="addTest" crap="1" count="2"/>
        <line num="32" type="stmt" count="2"/>
        <line num="33" type="stmt" count="2"/>
        <line num="41" type="method" name="getTestByName" crap="2" count="2"/>
        <line num="43" type="stmt" count="2"/>
        <line num="44" type="stmt" count="2"/>
        <line num="45" type="stmt" count="2"/>
        <line num="48" type="stmt" count="1"/>
        <line num="55" type="method" name="getTests" crap="1" count="2"/>
        <line num="57" type="stmt" count="2"/>
        <line num="65" type="method" name="setTracking" crap="1" count="2"/>
        <line num="67" type="stmt" count="2"/>
        <line num="68" type="stmt" count="2"/>
        <metrics loc="71" ncloc="43" classes="1" methods="4" coveredmethods="4" conditionals="0" coveredconditionals="0" statements="9" coveredstatements="9" elements="13" coveredelements="13"/>
      </file>
      <file name="/vagrant/abtest/src/config/fromarray.php">
        <class name="FromArray" namespace="Pachico\Abtest\Config">
          <metrics methods="2" coveredmethods="2" conditionals="0" coveredconditionals="0" statements="16" coveredstatements="16" elements="18" coveredelements="18"/>
        </class>
        <line num="32" type="method" name="__construct" crap="6" count="2"/>
        <line num="34" type="stmt" count="2"/>
        <line num="36" type="stmt" count="2"/>
        <line num="37" type="stmt" count="2"/>
        <line num="38" type="stmt" count="2"/>
        <line num="39" type="stmt" count="2"/>
        <line num="40" type="stmt" count="2"/>
        <line num="41" type="stmt" count="2"/>
        <line num="42" type="stmt" count="2"/>
        <line num="43" type="stmt" count="2"/>
        <line num="44" type="stmt" count="2"/>
        <line num="46" type="stmt" count="2"/>
        <line num="47" type="stmt" count="2"/>
        <line num="51" type="stmt" count="2"/>
        <line num="54" type="stmt" count="2"/>
        <line num="55" type="stmt" count="2"/>
        <line num="61" type="method" name="getConfiguration" crap="1" count="2"/>
        <line num="63" type="stmt" count="2"/>
        <metrics loc="65" ncloc="43" classes="1" methods="2" coveredmethods="2" conditionals="0" coveredconditionals="0" statements="16" coveredstatements="16" elements="18" coveredelements="18"/>
      </file>
      <file name="/vagrant/abtest/src/config/fromfile.php">
        <class name="FromFile" namespace="Pachico\Abtest\Config">
          <metrics methods="2" coveredmethods="2" conditionals="0" coveredconditionals="0" statements="8" coveredstatements="8" elements="10" coveredelements="10"/>
        </class>
        <line num="26" type="method" name="__construct" crap="3" count="2"/>
        <line num="28" type="stmt" count="2"/>
        <line num="29" type="stmt" count="2"/>
        <line num="30" type="stmt" count="1"/>
        <line num="33" type="stmt" count="2"/>
        <line num="35" type="stmt" count="2"/>
        <line num="37" type="stmt" count="2"/>
        <line num="38" type="stmt" count="2"/>
        <line num="44" type="method" name="getConfiguration" crap="1" count="2"/>
        <line num="46" type="stmt" count="2"/>
        <metrics loc="49" ncloc="31" classes="1" methods="2" coveredmethods="2" conditionals="0" coveredconditionals="0" statements="8" coveredstatements="8" elements="10" coveredelements="10"/>
      </file>
    </package>
    <file name="/vagrant/abtest/src/config/configuratorinterface.php">
      <metrics loc="19" ncloc="16" classes="0" methods="0" coveredmethods="0" conditionals="0" coveredconditionals="0" statements="0" coveredstatements="0" elements="0" coveredelements="0"/>
    </file>
    <package name="Pachico\Abtest">
      <file name="/vagrant/abtest/src/engine.php">
        <class name="Engine" namespace="Pachico\Abtest">
          <metrics methods="5" coveredmethods="2" conditionals="0" coveredconditionals="0" statements="18" coveredstatements="12" elements="23" coveredelements="14"/>
        </class>
        <line num="43" type="method" name="__construct" crap="4" count="1"/>
        <line num="45" type="stmt" count="1"/>
        <line num="47" type="stmt" count="1"/>
        <line num="48" type="stmt" count="1"/>
        <line num="50" type="stmt" count="1"/>
        <line num="51" type="stmt" count="1"/>
        <line num="53" type="stmt" count="1"/>
        <line num="56" type="stmt" count="1"/>
        <line num="57" type="stmt" count="1"/>
        <line num="59" type="stmt" count="1"/>
        <line num="61" type="stmt" count="1"/>
        <line num="62" type="stmt" count="1"/>
        <line num="69" type="method" name="getSingleton" crap="6" count="0"/>
        <line num="71" type="stmt" count="0"/>
        <line num="72" type="stmt" count="0"/>
        <line num="73" type="stmt" count="0"/>
        <line num="76" type="stmt" count="0"/>
        <line num="84" type="method" name="getTest" crap="1" count="1"/>
        <line num="86" type="stmt" count="1"/>
        <line num="93" type="method" name="getMemory" crap="2" count="0"/>
        <line num="95" type="stmt" count="0"/>
        <line num="102" type="method" name="getTracking" crap="2" count="0"/>
        <line num="104" type="stmt" count="0"/>
        <metrics loc="107" ncloc="63" classes="1" methods="5" coveredmethods="2" conditionals="0" coveredconditionals="0" statements="18" coveredstatements="12" elements="23" coveredelements="14"/>
      </file>
    </package>
    <package name="Pachico\Abtest\Memory">
      <file name="/vagrant/abtest/src/memory/cookie.php">
        <class name="Cookie" namespace="Pachico\Abtest\Memory">
          <metrics methods="5" coveredmethods="5" conditionals="0" coveredconditionals="0" statements="23" coveredstatements="23" elements="28" coveredelements="28"/>
        </class>
        <line num="49" type="method" name="__construct" crap="3" count="2"/>
        <line num="51" type="stmt" count="2"/>
        <line num="53" type="stmt" count="2"/>
        <line num="54" type="stmt" count="2"/>
        <line num="56" type="stmt" count="2"/>
        <line num="58" type="stmt" count="2"/>
        <line num="59" type="stmt" count="2"/>
        <line num="60" type="stmt" count="2"/>
        <line num="61" type="stmt" count="2"/>
        <line num="68" type="method" name="setCookieHandler" crap="1" count="1"/>
        <line num="70" type="stmt" count="1"/>
        <line num="71" type="stmt" count="1"/>
        <line num="80" type="method" name="getVersion" crap="2" count="2"/>
        <line num="83" type="stmt" count="2"/>
        <line num="84" type="stmt" count="2"/>
        <line num="85" type="stmt" count="1"/>
        <line num="88" type="stmt" count="2"/>
        <line num="90" type="stmt" count="2"/>
        <line num="92" type="stmt" count="2"/>
        <line num="99" type="method" name="_getPreviousVersions" crap="2" count="2"/>
        <line num="101" type="stmt" count="2"/>
        <line num="103" type="stmt" count="2"/>
        <line num="105" type="stmt" count="2"/>
        <line num="106" type="stmt" count="2"/>
        <line num="107" type="stmt" count="2"/>
        <line num="110" type="stmt" count="1"/>
        <line num="118" type="method" name="save" crap="1" count="2"/>
        <line num="120" type="stmt" count="2"/>
        <metrics loc="123" ncloc="76" classes="1" methods="5" coveredmethods="5" conditionals="0" coveredconditionals="0" statements="23" coveredstatements="23" elements="28" coveredelements="28"/>
      </file>
    </package>
    <file name="/vagrant/abtest/src/memory/memoryinterface.php">
      <metrics loc="26" ncloc="14" classes="0" methods="0" coveredmethods="0" conditionals="0" coveredconditionals="0" statements="0" coveredstatements="0" elements="0" coveredelements="0"/>
    </file>
    <package name="Pachico\Abtest\Segmentation">
      <file name="/vagrant/abtest/src/segmentation/bydevice.php">
        <class name="ByDevice" namespace="Pachico\Abtest\Segmentation">
          <metrics methods="2" coveredmethods="2" conditionals="0" coveredconditionals="0" statements="18" coveredstatements="18" elements="20" coveredelements="20"/>
        </class>
        <line num="43" type="method" name="__construct" crap="2" count="1"/>
        <line num="45" type="stmt" count="1"/>
        <line num="47" type="stmt" count="1"/>
        <line num="49" type="stmt" count="1"/>
        <line num="50" type="stmt" count="1"/>
        <line num="51" type="stmt" count="1"/>
        <line num="57" type="method" name="isParticipant" crap="8" count="2"/>
        <line num="59" type="stmt" count="2"/>
        <line num="61" type="stmt" count="2"/>
        <line num="62" type="stmt" count="2"/>
        <line num="63" type="stmt" count="2"/>
        <line num="64" type="stmt" count="2"/>
        <line num="65" type="stmt" count="1"/>
        <line num="66" type="stmt" count="1"/>
        <line num="67" type="stmt" count="1"/>
        <line num="68" type="stmt" count="1"/>
        <line num="69" type="stmt" count="1"/>
        <line num="70" type="stmt" count="1"/>
        <line num="71" type="stmt" count="1"/>
        <line num="73" type="stmt" count="1"/>
        <metrics loc="76" ncloc="51" classes="1" methods="2" coveredmethods="2" conditionals="0" coveredconditionals="0" statements="18" coveredstatements="18" elements="20" coveredelements="20"/>
      </file>
    </package>
    <file name="/vagrant/abtest/src/segmentation/segmentationinterface.php">
      <metrics loc="16" ncloc="9" classes="0" methods="0" coveredmethods="0" conditionals="0" coveredconditionals="0" statements="0" coveredstatements="0" elements="0" coveredelements="0"/>
    </file>
    <package name="Pachico\Abtest\Split">
      <file name="/vagrant/abtest/src/split/arrayprobability.php">
        <class name="ArrayProbability" namespace="Pachico\Abtest\Split">
          <metrics methods="2" coveredmethods="1" conditionals="0" coveredconditionals="0" statements="23" coveredstatements="22" elements="25" coveredelements="23"/>
        </class>
        <line num="27" type="method" name="__construct" crap="4.02" count="1"/>
        <line num="29" type="stmt" count="1"/>
        <line num="31" type="stmt" count="1"/>
        <line num="32" type="stmt" count="1"/>
        <line num="33" type="stmt" count="0"/>
        <line num="36" type="stmt" count="1"/>
        <line num="37" type="stmt" count="1"/>
        <line num="39" type="stmt" count="1"/>
        <line num="40" type="stmt" count="1"/>
        <line num="41" type="stmt" count="1"/>
        <line num="42" type="stmt" count="1"/>
        <line num="48" type="method" name="createVersion" crap="5" count="2"/>
        <line num="51" type="stmt" count="2"/>
        <line num="53" type="stmt" count="2"/>
        <line num="55" type="stmt" count="2"/>
        <line num="57" type="stmt" count="2"/>
        <line num="58" type="stmt" count="2"/>
        <line num="59" type="stmt" count="2"/>
        <line num="60" type="stmt" count="2"/>
        <line num="63" type="stmt" count="2"/>
        <line num="64" type="stmt" count="2"/>
        <line num="68" type="stmt" count="2"/>
        <line num="69" type="stmt" count="2"/>
        <line num="70" type="stmt" count="1"/>
        <line num="73" type="stmt" count="2"/>
        <metrics loc="76" ncloc="55" classes="1" methods="2" coveredmethods="1" conditionals="0" coveredconditionals="0" statements="23" coveredstatements="22" elements="25" coveredelements="23"/>
      </file>
      <file name="/vagrant/abtest/src/split/redisarrayprobability.php">
        <class name="RedisArrayProbability" namespace="Pachico\Abtest\Split">
          <metrics methods="2" coveredmethods="2" conditionals="0" coveredconditionals="0" statements="35" coveredstatements="35" elements="37" coveredelements="37"/>
        </class>
        <line num="44" type="method" name="__construct" crap="11" count="1"/>
        <line num="46" type="stmt" count="1"/>
        <line num="48" type="stmt" count="1"/>
        <line num="49" type="stmt" count="1"/>
        <line num="52" type="stmt" count="1"/>
        <line num="53" type="stmt" count="1"/>
        <line num="54" type="stmt" count="1"/>
        <line num="57" type="stmt" count="1"/>
        <line num="58" type="stmt" count="1"/>
        <line num="59" type="stmt" count="1"/>
        <line num="61" type="stmt" count="1"/>
        <line num="62" type="stmt" count="1"/>
        <line num="63" type="stmt" count="1"/>
        <line num="65" type="stmt" count="1"/>
        <line num="66" type="stmt" count="1"/>
        <line num="67" type="stmt" count="1"/>
        <line num="69" type="stmt" count="1"/>
        <line num="70" type="stmt" count="1"/>
        <line num="71" type="stmt" count="1"/>
        <line num="73" type="stmt" count="1"/>
        <line num="74" type="stmt" count="1"/>
        <line num="75" type="stmt" count="1"/>
        <line num="77" type="stmt" count="1"/>
        <line num="78" type="stmt" count="1"/>
        <line num="79" type="stmt" count="1"/>
        <line num="82" type="stmt" count="1"/>
        <line num="83" type="stmt" count="1"/>
        <line num="84" type="stmt" count="1"/>
        <line num="86" type="stmt" count="1"/>
        <line num="92" type="method" name="createVersion" crap="2" count="1"/>
        <line num="95" type="stmt" count="1"/>
        <line num="97" type="stmt" count="1"/>
        <line num="99" type="stmt" count="1"/>
        <line num="100" type="stmt" count="1"/>
        <line num="101" type="stmt" count="1"/>
        <line num="104" type="stmt" count="1"/>
        <line num="106" type="stmt" count="1"/>
        <metrics loc="109" ncloc="68" classes="1" methods="2" coveredmethods="2" conditionals="0" coveredconditionals="0" statements="35" coveredstatements="35" elements="37" coveredelements="37"/>
      </file>
    </package>
    <file name="/vagrant/abtest/src/split/splitinterface.php">
      <metrics loc="16" ncloc="9" classes="0" methods="0" coveredmethods="0" conditionals="0" coveredconditionals="0" statements="0" coveredstatements="0" elements="0" coveredelements="0"/>
    </file>
    <package name="Pachico\Abtest\Test">
      <file name="/vagrant/abtest/src/test/test.php">
        <class name="Test" namespace="Pachico\Abtest\Test">
          <metrics methods="5" coveredmethods="5" conditionals="0" coveredconditionals="0" statements="20" coveredstatements="20" elements="25" coveredelements="25"/>
        </class>
        <line num="63" type="method" name="__construct" crap="1" count="2"/>
        <line num="65" type="stmt" count="2"/>
        <line num="66" type="stmt" count="2"/>
        <line num="67" type="stmt" count="2"/>
        <line num="68" type="stmt" count="2"/>
        <line num="69" type="stmt" count="2"/>
        <line num="76" type="stmt" count="2"/>
        <line num="82" type="method" name="getName" crap="1" count="2"/>
        <line num="84" type="stmt" count="2"/>
        <line num="91" type="method" name="isParticipant" crap="2" count="2"/>
        <line num="93" type="stmt" count="2"/>
        <line num="94" type="stmt" count="2"/>
        <line num="95" type="stmt" count="1"/>
        <line num="98" type="stmt" count="2"/>
        <line num="104" type="method" name="getVersion" crap="3" count="2"/>
        <line num="106" type="stmt" count="2"/>
        <line num="107" type="stmt" count="2"/>
        <line num="108" type="stmt" count="2"/>
        <line num="111" type="stmt" count="2"/>
        <line num="112" type="stmt" count="2"/>
        <line num="113" type="stmt" count="2"/>
        <line num="114" type="stmt" count="2"/>
        <line num="116" type="stmt" count="2"/>
        <line num="123" type="method" name="getTrackingId" crap="1" count="1"/>
        <line num="125" type="stmt" count="1"/>
        <metrics loc="128" ncloc="65" classes="1" methods="5" coveredmethods="5" conditionals="0" coveredconditionals="0" statements="20" coveredstatements="20" elements="25" coveredelements="25"/>
      </file>
    </package>
    <package name="Pachico\Abtest\Tracking">
      <file name="/vagrant/abtest/src/tracking/googleexperiments.php">
        <class name="GoogleExperiments" namespace="Pachico\Abtest\Tracking">
          <metrics methods="1" coveredmethods="0" conditionals="0" coveredconditionals="0" statements="1" coveredstatements="0" elements="2" coveredelements="0"/>
        </class>
        <line num="13" type="method" name="getTrackingCode" crap="2" count="0"/>
        <line num="15" type="stmt" count="0"/>
        <metrics loc="17" ncloc="12" classes="1" methods="1" coveredmethods="0" conditionals="0" coveredconditionals="0" statements="1" coveredstatements="0" elements="2" coveredelements="0"/>
      </file>
    </package>
    <file name="/vagrant/abtest/src/tracking/trackinginterface.php">
      <metrics loc="13" ncloc="9" classes="0" methods="0" coveredmethods="0" conditionals="0" coveredconditionals="0" statements="0" coveredstatements="0" elements="0" coveredelements="0"/>
    </file>
    <package name="Pachico\Abtest\Util">
      <file name="/vagrant/abtest/src/util/cookie.php">
        <class name="Cookie" namespace="Pachico\Abtest\Util">
          <metrics methods="3" coveredmethods="2" conditionals="0" coveredconditionals="0" statements="12" coveredstatements="6" elements="15" coveredelements="8"/>
        </class>
        <line num="21" type="method" name="__construct" crap="1" count="1"/>
        <line num="23" type="stmt" count="1"/>
        <line num="24" type="stmt" count="1"/>
        <line num="30" type="method" name="get" crap="1" count="1"/>
        <line num="32" type="stmt" count="1"/>
        <line num="41" type="method" name="save" crap="8.74" count="1"/>
        <line num="44" type="stmt" count="1"/>
        <line num="45" type="stmt" count="1"/>
        <line num="46" type="stmt" count="1"/>
        <line num="49" type="stmt" count="0"/>
        <line num="50" type="stmt" count="0"/>
        <line num="51" type="stmt" count="0"/>
        <line num="54" type="stmt" count="0"/>
        <line num="55" type="stmt" count="0"/>
        <line num="56" type="stmt" count="0"/>
        <metrics loc="59" ncloc="38" classes="1" methods="3" coveredmethods="2" conditionals="0" coveredconditionals="0" statements="12" coveredstatements="6" elements="15" coveredelements="8"/>
      </file>
      <file name="/vagrant/abtest/src/util/mobiledetection.php">
        <class name="MobileDetection" namespace="Pachico\Abtest\Util">
          <metrics methods="0" coveredmethods="0" conditionals="0" coveredconditionals="0" statements="0" coveredstatements="0" elements="0" coveredelements="0"/>
        </class>
        <metrics loc="12" ncloc="8" classes="1" methods="0" coveredmethods="0" conditionals="0" coveredconditionals="0" statements="0" coveredstatements="0" elements="0" coveredelements="0"/>
      </file>
      <file name="/vagrant/abtest/src/util/redisconnector.php">
        <class name="RedisConnector" namespace="Pachico\Abtest\Util">
          <metrics methods="0" coveredmethods="0" conditionals="0" coveredconditionals="0" statements="0" coveredstatements="0" elements="0" coveredelements="0"/>
        </class>
        <metrics loc="8" ncloc="8" classes="1" methods="0" coveredmethods="0" conditionals="0" coveredconditionals="0" statements="0" coveredstatements="0" elements="0" coveredelements="0"/>
      </file>
    </package>
    <metrics files="18" loc="990" ncloc="618" classes="13" methods="33" coveredmethods="27" conditionals="0" coveredconditionals="0" statements="183" coveredstatements="169" elements="216" coveredelements="196"/>
  </project>
</coverage>
